<?xml version="1.0" encoding="UTF-8"?>
<!-- Generated by org.testng.reporters.JUnitReportReporter -->
<testsuite skipped="0" hostname="HOMEHP-PC" name="runner.Runstep" tests="2" failures="0" timestamp="2020-03-08T18:58:19 IST" time="40.019" errors="0">
  <testcase name="runScenario" time="16.562" classname="runner.Runstep"/>
  <testcase name="runScenario" time="23.457" classname="runner.Runstep"/>
</testsuite> <!-- runner.Runstep -->
