<?xml version="1.0" encoding="UTF-8"?>
<!-- Generated by org.testng.reporters.JUnitReportReporter -->
<testsuite skipped="1" hostname="HOMEHP-PC" name="Coding.FileReading" tests="7" failures="0" timestamp="2020-02-02T22:42:10 IST" time="0.045" errors="0">
  <testcase name="readUsingReader" time="0.004" classname="Coding.FileReading"/>
  <testcase name="readUsingReader" time="0.005" classname="Coding.FileReading"/>
  <testcase name="readUsingReader" time="0.006" classname="Coding.FileReading"/>
  <testcase name="readUsingReader" time="0.004" classname="Coding.FileReading"/>
  <testcase name="readUsingReader" time="0.021" classname="Coding.FileReading"/>
  <testcase name="readUsingReader" time="0.005" classname="Coding.FileReading"/>
  <testcase name="readUsingBuffer" classname="Coding.FileReading">
    <skipped/>
  </testcase> <!-- readUsingBuffer -->
</testsuite> <!-- Coding.FileReading -->
